<?xml version="1.0" encoding="UTF-8" standalone="no"?>
<testsuite errors="0" failures="0" name="io.cucumber.core.plugin.JUnitFormatter" skipped="0" tests="8" time="398.332">
    <testcase classname="sign up feature" name="test sign up feature functional" time="46.911">
        <system-out><![CDATA[Given i open browser and navigate to demoblaze..............................passed
And i click sign up tab.....................................................passed
When check if form "signup" is appear.......................................passed
Then i click "Sign up" button...............................................passed
When check if alert message is same with "Please fill out Username and Password.".passed
Then accept alert...........................................................passed
When i enter "evan1240" in "sign-username" colum............................passed
Then i click "Sign up" button...............................................passed
When check if alert message is same with "Please fill out Username and Password.".passed
Then accept alert...........................................................passed
When i clear "sign-username" colum..........................................passed
And i enter "1234567890" in "sign-password" colum...........................passed
Then i click "Sign up" button...............................................passed
When check if alert message is same with "Please fill out Username and Password.".passed
Then accept alert...........................................................passed
When i enter "evan1240" in "sign-username" colum............................passed
Then i click "Sign up" button...............................................passed
When check if alert message is same with "This user already exist.".........passed
Then accept alert...........................................................passed
When i clear "sign-username" colum..........................................passed
And i enter "evan1246" in "sign-username" colum.............................passed
Then i click "Sign up" button...............................................passed
Then accept alert...........................................................passed
Then close browser..........................................................passed
]]></system-out>
    </testcase>
    <testcase classname="login feature" name="to test login feature is working" time="32.746">
        <system-out><![CDATA[Given i open browser and navigate to demoblaze..............................passed
When i click "Log in" tab...................................................passed
Then check if form "login" is appear........................................passed
And i click "Log in" button.................................................passed
When check if alert message is same with "Please fill out Username and Password.".passed
Then accept alert...........................................................passed
When i click close "login" button...........................................passed
And check if form "login" is gone...........................................passed
Then i click "Log in" tab...................................................passed
And check if form "login" is appear.........................................passed
When i enter "evan1240" in "loginusername" colum............................passed
And i click "Log in" button.................................................passed
When check if alert message is same with "Please fill out Username and Password.".passed
Then accept alert...........................................................passed
When i click x "login" button...............................................passed
And check if form "login" is gone...........................................passed
Then i click "Log in" tab...................................................passed
And check if form "login" is appear.........................................passed
When i enter "12345" in "loginpassword" colum...............................passed
And i click "Log in" button.................................................passed
When check if alert message is same with "Wrong password."..................passed
Then accept alert...........................................................passed
When i clear "loginusername" colum..........................................passed
Then i click "Log in" button................................................passed
And check if alert message is same with "Please fill out Username and Password.".passed
Then accept alert...........................................................passed
When i clear "loginpassword" colum..........................................passed
And i enter "evan12" in "loginusername" colum...............................passed
Then i enter "1234567890" in "loginpassword" colum..........................passed
And i click "Log in" button.................................................passed
When check if alert message is same with "User does not exist.".............passed
Then accept alert...........................................................passed
When i clear "loginusername" colum..........................................passed
And i enter "evan1240" in "loginusername" colum.............................passed
Then i click "Log in" button................................................passed
When check if "nameofuser" is visible.......................................passed
Then close browser..........................................................passed
]]></system-out>
    </testcase>
    <testcase classname="logout feature" name="user login and logout" time="22.539">
        <system-out><![CDATA[Given i open browser and navigate to demoblaze..............................passed
And i click "Log in" tab....................................................passed
When i enter "evan1240" in "loginusername" colum............................passed
And i enter "1234567890" in "loginpassword" colum...........................passed
Then i click "Log in" button................................................passed
When check if "nameofuser" is visible.......................................passed
Then i click "Log out" tab..................................................passed
When check if "signin2" is visible..........................................passed
Then close browser..........................................................passed
]]></system-out>
    </testcase>
    <testcase classname="about us feature" name="this testing to make sure that about us video is avalable" time="28.532">
        <system-out><![CDATA[Given i open browser and navigate to demoblaze..............................passed
And i click "About us" tab..................................................passed
Then check if video is avalaible............................................passed
When i click close "aboutUs" button.........................................passed
And check if form "aboutUs" is gone.........................................passed
And i click "About us" tab..................................................passed
Then check if video is avalaible............................................passed
When i click x "aboutUs" button.............................................passed
And check if form "aboutUs" is gone.........................................passed
And i click "Log in" tab....................................................passed
When i enter "evan1240" in "loginusername" colum............................passed
And i enter "1234567890" in "loginpassword" colum...........................passed
Then i click "Log in" button................................................passed
When check if "nameofuser" is visible.......................................passed
Then i click "About us" tab.................................................passed
And check if video is avalaible.............................................passed
Then close browser..........................................................passed
]]></system-out>
    </testcase>
    <testcase classname="contact feature" name="testing contact feature is working" time="57.292">
        <system-out><![CDATA[Given i open browser and navigate to demoblaze..............................passed
And i click "Log in" tab....................................................passed
Then check if form "login" is appear........................................passed
When i enter "evan1240" in "loginusername" colum............................passed
And i enter "1234567890" in "loginpassword" colum...........................passed
Then i click "Log in" button................................................passed
And check if "nameofuser" is visible........................................passed
Then i click "Contact" tab..................................................passed
And check if form "contact" is appear.......................................passed
When i click "Send message" button..........................................passed
And check if alert message is same with "Thanks for the message!!"..........passed
Then accept alert...........................................................passed
When i click "Contact" tab..................................................passed
And check if form "contact" is appear.......................................passed
And i enter "user@gmail.com" in "recipient-email" colum.....................passed
And i enter "username" in "recipient-name" colum............................passed
And i enter "user message" in "message-text" colum..........................passed
Then i click "Send message" button..........................................passed
When check if alert message is same with "Thanks for the message!!".........passed
Then accept alert...........................................................passed
When i click "Contact" tab..................................................passed
Then check if form "contact" is appear......................................passed
And i enter "user@gmail.com" in "recipient-email" colum.....................passed
Then i click "Send message" button..........................................passed
When check if alert message is same with "Thanks for the message!!".........passed
Then accept alert...........................................................passed
When i click "Contact" tab..................................................passed
Then check if form "contact" is appear......................................passed
And i enter "username" in "recipient-name" colum............................passed
Then i click "Send message" button..........................................passed
When check if alert message is same with "Thanks for the message!!".........passed
Then accept alert...........................................................passed
When i click "Contact" tab..................................................passed
Then check if form "contact" is appear......................................passed
And i enter "user message" in "message-text" colum..........................passed
Then i click "Send message" button..........................................passed
When check if alert message is same with "Thanks for the message!!".........passed
Then accept alert...........................................................passed
When i click "Contact" tab..................................................passed
And check if form "contact" is appear.......................................passed
Then i click x "contact" button.............................................passed
And check if form "contact" is gone.........................................passed
When i click "Contact" tab..................................................passed
Then check if form "contact" is appear......................................passed
And i click close "contact" button..........................................passed
Then close browser..........................................................passed
]]></system-out>
    </testcase>
    <testcase classname="home feature" name="check if all element in home is visible" time="34.885">
        <system-out><![CDATA[Given i open browser and navigate to demoblaze..............................passed
And i click "Log in" tab....................................................passed
Then check if form "login" is appear........................................passed
When i enter "evan1240" in "loginusername" colum............................passed
And i enter "1234567890" in "loginpassword" colum...........................passed
Then i click "Log in" button................................................passed
And check if "nameofuser" is visible........................................passed
When i click "Home" tab.....................................................passed
And i click "carousel-control-next-icon" class button.......................passed
And i click "carousel-control-prev-icon" class button.......................passed
Then check if elemen "head" is appear.......................................passed
And check if elemen "phone" is appear.......................................passed
And check if elemen "laptop" is appear......................................passed
And check if elemen "monitor" is appear.....................................passed
When i click elemen "phone".................................................passed
Then check if item "Samsung galaxy s6" is appear............................passed
And check if item "Nokia lumia 1520" is appear..............................passed
And check if item "Nexus 6" is appear.......................................passed
And check if item "Samsung galaxy s7" is appear.............................passed
And check if item "Iphone 6 32gb" is appear.................................passed
And check if item "Sony xperia z5" is appear................................passed
And check if item "HTC One M9" is appear....................................passed
When i click elemen "laptop"................................................passed
Then check if item "Sony vaio i5" is appear.................................passed
And check if item "Sony vaio i7" is appear..................................passed
And check if item "MacBook air" is appear...................................passed
And check if item "Dell i7 8gb" is appear...................................passed
And check if item "2017 Dell 15.6 Inch" is appear...........................passed
And check if item "MacBook Pro" is appear...................................passed
When i click elemen "monitor"...............................................passed
Then check if item "Apple monitor 24" is appear.............................passed
And check if item "ASUS Full HD" is appear..................................passed
When i click "Previous" button..............................................passed
Then i click "Next" button..................................................passed
Then close browser..........................................................passed
]]></system-out>
    </testcase>
    <testcase classname="add to cart feature" name="add item to cart one by one" time="120.809">
        <system-out><![CDATA[Given i open browser and navigate to demoblaze..............................passed
And i click "Log in" tab....................................................passed
When i enter "evan1240" in "loginusername" colum............................passed
And i enter "1234567890" in "loginpassword" colum...........................passed
Then i click "Log in" button................................................passed
When check if "nameofuser" is visible.......................................passed
And check if elemen "phone" is appear.......................................passed
When i click elemen "phone".................................................passed
Then check if item "Samsung galaxy s6" is appear............................passed
And check if item "Nokia lumia 1520" is appear..............................passed
And check if item "Nexus 6" is appear.......................................passed
And check if item "Samsung galaxy s7" is appear.............................passed
And check if item "Iphone 6 32gb" is appear.................................passed
And check if item "Sony xperia z5" is appear................................passed
And check if item "HTC One M9" is appear....................................passed
Then i click item "Samsung galaxy s6".......................................passed
When item "Samsung galaxy s6" is opened.....................................passed
Then i click item "Add to cart".............................................passed
When check if alert message is same with "Product added."...................passed
And accept alert............................................................passed
Then navigate back "2" times................................................passed
And i click item "Nokia lumia 1520".........................................passed
When item "Nokia lumia 1520" is opened......................................passed
Then i click item "Add to cart".............................................passed
When check if alert message is same with "Product added."...................passed
And accept alert............................................................passed
Then navigate back "2" times................................................passed
And i click item "Nexus 6"..................................................passed
When item "Nexus 6" is opened...............................................passed
Then i click item "Add to cart".............................................passed
When check if alert message is same with "Product added."...................passed
And accept alert............................................................passed
Then navigate back "2" times................................................passed
And i click item "Samsung galaxy s7"........................................passed
When item "Samsung galaxy s7" is opened.....................................passed
Then i click item "Add to cart".............................................passed
When check if alert message is same with "Product added."...................passed
And accept alert............................................................passed
Then navigate back "2" times................................................passed
And i click item "Iphone 6 32gb"............................................passed
When item "Iphone 6 32gb" is opened.........................................passed
Then i click item "Add to cart".............................................passed
When check if alert message is same with "Product added."...................passed
And accept alert............................................................passed
Then navigate back "2" times................................................passed
And i click item "Sony xperia z5"...........................................passed
When item "Sony xperia z5" is opened........................................passed
Then i click item "Add to cart".............................................passed
When check if alert message is same with "Product added."...................passed
And accept alert............................................................passed
Then navigate back "2" times................................................passed
And i click item "HTC One M9"...............................................passed
When item "HTC One M9" is opened............................................passed
Then i click item "Add to cart".............................................passed
When check if alert message is same with "Product added."...................passed
And accept alert............................................................passed
Then navigate back "2" times................................................passed
And check if elemen "laptop" is appear......................................passed
When i click elemen "laptop"................................................passed
Then check if item "Sony vaio i5" is appear.................................passed
And check if item "Sony vaio i7" is appear..................................passed
And check if item "MacBook air" is appear...................................passed
And check if item "Dell i7 8gb" is appear...................................passed
And check if item "2017 Dell 15.6 Inch" is appear...........................passed
And check if item "MacBook Pro" is appear...................................passed
Then i click item "Sony vaio i5"............................................passed
When item "Sony vaio i5" is opened..........................................passed
Then i click item "Add to cart".............................................passed
When check if alert message is same with "Product added."...................passed
And accept alert............................................................passed
Then navigate back "2" times................................................passed
And i click item "Sony vaio i7".............................................passed
When item "Sony vaio i7" is opened..........................................passed
Then i click item "Add to cart".............................................passed
When check if alert message is same with "Product added."...................passed
And accept alert............................................................passed
Then navigate back "2" times................................................passed
And i click item "MacBook air"..............................................passed
When item "MacBook air" is opened...........................................passed
Then i click item "Add to cart".............................................passed
When check if alert message is same with "Product added."...................passed
And accept alert............................................................passed
Then navigate back "2" times................................................passed
And i click item "Dell i7 8gb"..............................................passed
When item "Dell i7 8gb" is opened...........................................passed
Then i click item "Add to cart".............................................passed
When check if alert message is same with "Product added."...................passed
And accept alert............................................................passed
Then navigate back "2" times................................................passed
And i click item "2017 Dell 15.6 Inch"......................................passed
When item "2017 Dell 15.6 Inch" is opened...................................passed
Then i click item "Add to cart".............................................passed
When check if alert message is same with "Product added."...................passed
And accept alert............................................................passed
Then navigate back "2" times................................................passed
And i click item "MacBook Pro"..............................................passed
When item "MacBook Pro" is opened...........................................passed
Then i click item "Add to cart".............................................passed
When check if alert message is same with "Product added."...................passed
And accept alert............................................................passed
Then navigate back "2" times................................................passed
And check if elemen "monitor" is appear.....................................passed
When i click elemen "monitor"...............................................passed
Then check if item "Apple monitor 24" is appear.............................passed
And check if item "ASUS Full HD" is appear..................................passed
Then i click item "Apple monitor 24"........................................passed
When item "Apple monitor 24" is opened......................................passed
Then i click item "Add to cart".............................................passed
When check if alert message is same with "Product added."...................passed
And accept alert............................................................passed
Then navigate back "2" times................................................passed
And i click item "ASUS Full HD".............................................passed
When item "ASUS Full HD" is opened..........................................passed
Then i click item "Add to cart".............................................passed
When check if alert message is same with "Product added."...................passed
And accept alert............................................................passed
Then navigate back "2" times................................................passed
When i click "Cart" tab.....................................................passed
And check if fist table is appear...........................................passed
And check if cart is not empty..............................................passed
Then close browser..........................................................passed
]]></system-out>
    </testcase>
    <testcase classname="check out feature" name="test if check out feature is working" time="47.776">
        <system-out><![CDATA[Given i open browser and navigate to demoblaze..............................passed
And i click "Log in" tab....................................................passed
When i enter "evan1240" in "loginusername" colum............................passed
And i enter "1234567890" in "loginpassword" colum...........................passed
Then i click "Log in" button................................................passed
When check if "nameofuser" is visible.......................................passed
And i click "Cart" tab......................................................passed
Then check if fist table is appear..........................................passed
And get prize "before" delete...............................................passed
When i click "delete" button................................................passed
Then check if fist table is appear..........................................passed
And get prize "after" delete................................................passed
When check if prize after less than before..................................passed
Then i click "Place Order" button...........................................passed
When check if form "placeOrder" is appear...................................passed
And i click "Purchase" button...............................................passed
And check if alert message is same with "Please fill out Name and Creditcard.".passed
Then accept alert...........................................................passed
When i enter "username" in "name" colum.....................................passed
And i click "Purchase" button...............................................passed
And check if alert message is same with "Please fill out Name and Creditcard.".passed
Then accept alert...........................................................passed
When i enter "indonesia" in "country" colum.................................passed
And i click "Purchase" button...............................................passed
And check if alert message is same with "Please fill out Name and Creditcard.".passed
Then accept alert...........................................................passed
When i enter "salatiga" in "city" colum.....................................passed
And i click "Purchase" button...............................................passed
And check if alert message is same with "Please fill out Name and Creditcard.".passed
Then accept alert...........................................................passed
When i enter "23424234624" in "card" colum..................................passed
And i enter "03" in "month" colum...........................................passed
And i enter "99" in "year" colum............................................passed
Then i click "Purchase" button..............................................passed
When item "Thank you for your purchase!" is opened..........................passed
And i click "OK" button.....................................................passed
And check if "nameofuser" is visible........................................passed
Then close browser..........................................................passed
]]></system-out>
    </testcase>
</testsuite>
